<?xml version="1.0" encoding="UTF-8"?>
<!-- Generated by org.testng.reporters.JUnitReportReporter -->
<testsuite hostname="DESKTOP-J4SRGEC" failures="0" tests="1" name="ebay_scrollup_searchproduct.scrollup" time="11.133" errors="0" timestamp="2024-07-06T09:35:58 IST" skipped="0">
  <testcase classname="ebay_scrollup_searchproduct.scrollup" name="signup" time="11.133"/>
  <system-out/>
</testsuite> <!-- ebay_scrollup_searchproduct.scrollup -->
