<?xml version="1.0" encoding="UTF-8"?>
<!-- Generated by org.testng.reporters.JUnitReportReporter -->
<testsuite hostname="DESKTOP-J4SRGEC" failures="0" tests="1" name="snapdeal.search_product" time="5.494" errors="0" timestamp="2024-07-06T18:32:34 IST" skipped="0">
  <testcase classname="snapdeal.search_product" name="signup" time="5.494"/>
  <system-out/>
</testsuite> <!-- snapdeal.search_product -->
